<?xml version="1.0" encoding="UTF-8"?>
<robot generator="Robot 5.0.1 (Python 3.9.13 on win32)" generated="20230630 09:23:54.049" rpa="false" schemaversion="3">
<suite id="s1" name="TC1" source="d:\Dev_Progs\selenium\robot_selenium\testcases\TC1.robot">
<kw name="Initialise the browser" type="SETUP">
<kw name="Open Browser" library="SeleniumLibrary">
<arg>${url}</arg>
<arg>chrome</arg>
<doc>Opens a new browser instance to the optional ``url``.</doc>
<msg timestamp="20230630 09:23:54.320" level="INFO">Opening browser 'chrome' to base url 'https://rahulshettyacademy.com/AutomationPractice/'.</msg>
<msg timestamp="20230630 09:23:57.660" level="INFO">Cannot capture screenshot because no browser is open.</msg>
<msg timestamp="20230630 09:23:57.661" level="FAIL">SessionNotCreatedException: Message: session not created: This version of ChromeDriver only supports Chrome version 102
Current browser version is 114.0.5735.199 with binary path C:\Program Files\Google\Chrome\Application\chrome.exe
Stacktrace:
Backtrace:
	Ordinal0 [0x003ED953+2414931]
	Ordinal0 [0x0037F5E1+1963489]
	Ordinal0 [0x0026C6B8+837304]
	Ordinal0 [0x0028CAE3+969443]
	Ordinal0 [0x002886FA+952058]
	Ordinal0 [0x00285FB1+942001]
	Ordinal0 [0x002B9100+1151232]
	Ordinal0 [0x002B8D5A+1150298]
	Ordinal0 [0x002B42B6+1131190]
	Ordinal0 [0x0028E860+976992]
	Ordinal0 [0x0028F756+980822]
	GetHandleVerifier [0x0065CC62+2510274]
	GetHandleVerifier [0x0064F760+2455744]
	GetHandleVerifier [0x0047EABA+551962]
	GetHandleVerifier [0x0047D916+547446]
	Ordinal0 [0x00385F3B+1990459]
	Ordinal0 [0x0038A898+2009240]
	Ordinal0 [0x0038A985+2009477]
	Ordinal0 [0x00393AD1+2046673]
	BaseThreadInitThunk [0x75DB7D59+25]
	RtlInitializeExceptionChain [0x774CB79B+107]
	RtlClearBits [0x774CB71F+191]
</msg>
<status status="FAIL" starttime="20230630 09:23:54.319" endtime="20230630 09:23:57.664"/>
</kw>
<kw name="Maximize Browser Window" library="SeleniumLibrary">
<doc>Maximizes current browser window.</doc>
<status status="NOT RUN" starttime="20230630 09:23:57.664" endtime="20230630 09:23:57.664"/>
</kw>
<status status="FAIL" starttime="20230630 09:23:54.317" endtime="20230630 09:23:57.664"/>
</kw>
<test id="s1-t1" name="LoginTest" line="34">
<status status="FAIL" starttime="20230630 09:23:57.664" endtime="20230630 09:23:57.669">Parent suite setup failed:
SessionNotCreatedException: Message: session not created: This version of ChromeDriver only supports Chrome version 102
Current browser version is 114.0.5735.199 with binary path C:\Program Files\Google\Chrome\Application\chrome.exe
Stacktrace:
Backtrace:
	Ordinal0 [0x003ED953+2414931]
	Ordinal0 [0x0037F5E1+1963489]
	Ordinal0 [0x0026C6B8+837304]
	Ordinal0 [0x0028CAE3+969443]
	Ordinal0 [0x002886FA+952058]
	Ordinal0 [0x00285FB1+942001]
	Ordinal0 [0x002B9100+1151232]
	Ordinal0 [0x002B8D5A+1150298]
	Ordinal0 [0x002B42B6+1131190]
	Ordinal0 [0x0028E860+976992]
	Ordinal0 [0x0028F756+980822]
	GetHandleVerifier [0x0065CC62+2510274]
	GetHandleVerifier [0x0064F760+2455744]
	GetHandleVerifier [0x0047EABA+551962]
	GetHandleVerifier [0x0047D916+547446]
	Ordinal0 [0x00385F3B+1990459]
	Ordinal0 [0x0038A898+2009240]
	Ordinal0 [0x0038A985+2009477]
	Ordinal0 [0x00393AD1+2046673]
	BaseThreadInitThunk [0x75DB7D59+25]
	RtlInitializeExceptionChain [0x774CB79B+107]
	RtlClearBits [0x774CB71F+191]
</status>
</test>
<kw name="Close Browser" library="SeleniumLibrary" type="TEARDOWN">
<doc>Closes the current browser.</doc>
<status status="PASS" starttime="20230630 09:23:57.678" endtime="20230630 09:23:57.678"/>
</kw>
<status status="FAIL" starttime="20230630 09:23:54.063" endtime="20230630 09:23:57.678">Suite setup failed:
SessionNotCreatedException: Message: session not created: This version of ChromeDriver only supports Chrome version 102
Current browser version is 114.0.5735.199 with binary path C:\Program Files\Google\Chrome\Application\chrome.exe
Stacktrace:
Backtrace:
	Ordinal0 [0x003ED953+2414931]
	Ordinal0 [0x0037F5E1+1963489]
	Ordinal0 [0x0026C6B8+837304]
	Ordinal0 [0x0028CAE3+969443]
	Ordinal0 [0x002886FA+952058]
	Ordinal0 [0x00285FB1+942001]
	Ordinal0 [0x002B9100+1151232]
	Ordinal0 [0x002B8D5A+1150298]
	Ordinal0 [0x002B42B6+1131190]
	Ordinal0 [0x0028E860+976992]
	Ordinal0 [0x0028F756+980822]
	GetHandleVerifier [0x0065CC62+2510274]
	GetHandleVerifier [0x0064F760+2455744]
	GetHandleVerifier [0x0047EABA+551962]
	GetHandleVerifier [0x0047D916+547446]
	Ordinal0 [0x00385F3B+1990459]
	Ordinal0 [0x0038A898+2009240]
	Ordinal0 [0x0038A985+2009477]
	Ordinal0 [0x00393AD1+2046673]
	BaseThreadInitThunk [0x75DB7D59+25]
	RtlInitializeExceptionChain [0x774CB79B+107]
	RtlClearBits [0x774CB71F+191]
</status>
</suite>
<statistics>
<total>
<stat pass="0" fail="1" skip="0">All Tests</stat>
</total>
<tag>
</tag>
<suite>
<stat pass="0" fail="1" skip="0" id="s1" name="TC1">TC1</stat>
</suite>
</statistics>
<errors>
</errors>
</robot>
